2025-03-03 13:54:03,074 - DEBUG - {"topologyId": {"$oid": "67c5672323ff7ce28520e27f"}, "message": "Starting topology monitoring"}
2025-03-03 13:54:03,075 - DEBUG - {"topologyId": {"$oid": "67c5672323ff7ce28520e27f"}, "previousDescription": "<TopologyDescription id: 67c5672323ff7ce28520e27f, topology_type: Unknown, servers: []>", "newDescription": "<TopologyDescription id: 67c5672323ff7ce28520e27f, topology_type: Unknown, servers: [<ServerDescription ('localhost', 27017) server_type: Unknown, rtt: None>]>", "message": "Topology description changed"}
2025-03-03 13:54:03,076 - DEBUG - {"topologyId": {"$oid": "67c5672323ff7ce28520e27f"}, "serverHost": "localhost", "serverPort": 27017, "message": "Starting server monitoring"}
2025-03-03 13:54:03,077 - DEBUG - {"clientId": {"$oid": "67c5672323ff7ce28520e27f"}, "message": "Connection pool created", "serverHost": "localhost", "serverPort": 27017}
2025-03-03 13:54:03,086 - DEBUG - {"message": "Server selection started", "selector": "Primary()", "operation": "ping", "topologyDescription": "<TopologyDescription id: 67c5672323ff7ce28520e27f, topology_type: Unknown, servers: [<ServerDescription ('localhost', 27017) server_type: Unknown, rtt: None>]>", "clientId": {"$oid": "67c5672323ff7ce28520e27f"}}
2025-03-03 13:54:03,087 - DEBUG - {"message": "Waiting for suitable server to become available", "selector": "Primary()", "operation": "ping", "topologyDescription": "<TopologyDescription id: 67c5672323ff7ce28520e27f, topology_type: Unknown, servers: [<ServerDescription ('localhost', 27017) server_type: Unknown, rtt: None>]>", "clientId": {"$oid": "67c5672323ff7ce28520e27f"}, "remainingTimeMS": 5}
2025-03-03 13:54:03,095 - DEBUG - {"topologyId": {"$oid": "67c5672323ff7ce28520e27f"}, "driverConnectionId": 1, "serverHost": "localhost", "serverPort": 27017, "awaited": false, "message": "Server heartbeat started"}
2025-03-03 13:54:03,097 - DEBUG - {"topologyId": {"$oid": "67c5672323ff7ce28520e27f"}, "driverConnectionId": 1, "serverConnectionId": 208, "serverHost": "localhost", "serverPort": 27017, "awaited": false, "durationMS": 0.0, "reply": "{\"helloOk\": true, \"ismaster\": true, \"topologyVersion\": {\"processId\": {\"$oid\": \"67c141c25d43035da439dc3c\"}}, \"maxBsonObjectSize\": 16777216, \"maxMessageSizeBytes\": 48000000, \"maxWriteBatchSize\": 100000, \"localTime\": {\"$date\": \"2025-03-03T08:24:03.096Z\"}, \"logicalSessionTimeoutMinutes\": 30, \"connectionId\": 208, \"maxWireVersion\": 21, \"ok\": 1.0}", "message": "Server heartbeat succeeded"}
2025-03-03 13:54:03,098 - DEBUG - {"clientId": {"$oid": "67c5672323ff7ce28520e27f"}, "message": "Connection pool ready", "serverHost": "localhost", "serverPort": 27017}
2025-03-03 13:54:03,099 - DEBUG - {"topologyId": {"$oid": "67c5672323ff7ce28520e27f"}, "previousDescription": "<TopologyDescription id: 67c5672323ff7ce28520e27f, topology_type: Unknown, servers: [<ServerDescription ('localhost', 27017) server_type: Unknown, rtt: None>]>", "newDescription": "<TopologyDescription id: 67c5672323ff7ce28520e27f, topology_type: Single, servers: [<ServerDescription ('localhost', 27017) server_type: Standalone, rtt: 0.0>]>", "message": "Topology description changed"}
2025-03-03 13:54:03,100 - DEBUG - {"message": "Server selection succeeded", "selector": "Primary()", "operation": "ping", "topologyDescription": "<TopologyDescription id: 67c5672323ff7ce28520e27f, topology_type: Single, servers: [<ServerDescription ('localhost', 27017) server_type: Standalone, rtt: 0.0>]>", "clientId": {"$oid": "67c5672323ff7ce28520e27f"}, "serverHost": "localhost", "serverPort": 27017}
2025-03-03 13:54:03,100 - DEBUG - {"clientId": {"$oid": "67c5672323ff7ce28520e27f"}, "message": "Connection checkout started", "serverHost": "localhost", "serverPort": 27017}
2025-03-03 13:54:03,101 - DEBUG - {"clientId": {"$oid": "67c5672323ff7ce28520e27f"}, "message": "Connection created", "serverHost": "localhost", "serverPort": 27017, "driverConnectionId": 1}
2025-03-03 13:54:03,102 - DEBUG - {"topologyId": {"$oid": "67c5672323ff7ce28520e27f"}, "driverConnectionId": 1, "serverConnectionId": 208, "serverHost": "localhost", "serverPort": 27017, "awaited": true, "message": "Server heartbeat started"}
2025-03-03 13:54:03,105 - DEBUG - {"clientId": {"$oid": "67c5672323ff7ce28520e27f"}, "message": "Connection ready", "serverHost": "localhost", "serverPort": 27017, "driverConnectionId": 1, "durationMS": 0.0}
2025-03-03 13:54:03,105 - DEBUG - {"clientId": {"$oid": "67c5672323ff7ce28520e27f"}, "message": "Connection checked out", "serverHost": "localhost", "serverPort": 27017, "driverConnectionId": 1, "durationMS": 0.0}
2025-03-03 13:54:03,106 - DEBUG - {"clientId": {"$oid": "67c5672323ff7ce28520e27f"}, "message": "Command started", "command": "{\"ping\": 1, \"lsid\": {\"id\": {\"$binary\": {\"base64\": \"T1vZlIt1RwSGS6qGrS/zQA==\", \"subType\": \"04\"}}}, \"$db\": \"admin\"}", "commandName": "ping", "databaseName": "admin", "requestId": 18467, "operationId": 18467, "driverConnectionId": 1, "serverConnectionId": 209, "serverHost": "localhost", "serverPort": 27017}
2025-03-03 13:54:03,107 - DEBUG - {"clientId": {"$oid": "67c5672323ff7ce28520e27f"}, "message": "Command succeeded", "durationMS": 1.002, "reply": "{\"ok\": 1.0}", "commandName": "ping", "databaseName": "admin", "requestId": 18467, "operationId": 18467, "driverConnectionId": 1, "serverConnectionId": 209, "serverHost": "localhost", "serverPort": 27017}
2025-03-03 13:54:03,107 - DEBUG - {"clientId": {"$oid": "67c5672323ff7ce28520e27f"}, "message": "Connection checked in", "serverHost": "localhost", "serverPort": 27017, "driverConnectionId": 1}
2025-03-03 13:54:03,107 - INFO - \u2705 Connected to MongoDB
2025-03-03 13:54:03,111 - INFO - Starting file conversion process
2025-03-03 13:54:03,112 - INFO - Processing file: C:\Users\malatk\Videos\Automation\demoFiles\demo.txt
2025-03-03 13:54:03,117 - ERROR - Empty file: C:\Users\malatk\Videos\Automation\demoFiles\demo.txt
2025-03-03 13:54:03,117 - DEBUG - {"message": "Server selection started", "selector": "<function writable_server_selector at 0x0000019DCF426160>", "operation": "insert", "topologyDescription": "<TopologyDescription id: 67c5672323ff7ce28520e27f, topology_type: Single, servers: [<ServerDescription ('localhost', 27017) server_type: Standalone, rtt: 0.0>]>", "clientId": {"$oid": "67c5672323ff7ce28520e27f"}}
2025-03-03 13:54:03,118 - DEBUG - {"message": "Server selection succeeded", "selector": "<function writable_server_selector at 0x0000019DCF426160>", "operation": "insert", "topologyDescription": "<TopologyDescription id: 67c5672323ff7ce28520e27f, topology_type: Single, servers: [<ServerDescription ('localhost', 27017) server_type: Standalone, rtt: 0.0>]>", "clientId": {"$oid": "67c5672323ff7ce28520e27f"}, "serverHost": "localhost", "serverPort": 27017}
2025-03-03 13:54:03,118 - DEBUG - {"clientId": {"$oid": "67c5672323ff7ce28520e27f"}, "message": "Connection checkout started", "serverHost": "localhost", "serverPort": 27017}
2025-03-03 13:54:03,118 - DEBUG - {"clientId": {"$oid": "67c5672323ff7ce28520e27f"}, "message": "Connection checked out", "serverHost": "localhost", "serverPort": 27017, "driverConnectionId": 1, "durationMS": 0.0}
2025-03-03 13:54:03,118 - DEBUG - {"clientId": {"$oid": "67c5672323ff7ce28520e27f"}, "message": "Command started", "command": "{\"insert\": \"logs\", \"ordered\": true, \"lsid\": {\"id\": {\"$binary\": {\"base64\": \"T1vZlIt1RwSGS6qGrS/zQA==\", \"subType\": \"04\"}}}, \"$db\": \"file_conversion_db\", \"documents\": [{\"directory\": \"C:\\\\Users\\\\malatk\\\\Videos\\\\Automation\\\\demoFiles\", \"extension\": \"txt\", \"format\": \"pdf\", \"status\": \"No files converted\", \"message\": \"Converted 0 files\", \"timestamp\": {\"$date\": \"2025-03-03T13:54:03.117Z\"}, \"_id\": {\"$oid\": \"67c5672323ff7ce28520e280\"}}]}", "commandName": "insert", "databaseName": "file_conversion_db", "requestId": 6334, "operationId": 6334, "driverConnectionId": 1, "serverConnectionId": 209, "serverHost": "localhost", "serverPort": 27017}
2025-03-03 13:54:03,135 - DEBUG - {"clientId": {"$oid": "67c5672323ff7ce28520e27f"}, "message": "Command succeeded", "durationMS": 16.046999999999997, "reply": "{\"n\": 1, \"ok\": 1.0}", "commandName": "insert", "databaseName": "file_conversion_db", "requestId": 6334, "operationId": 6334, "driverConnectionId": 1, "serverConnectionId": 209, "serverHost": "localhost", "serverPort": 27017}
2025-03-03 13:54:03,135 - DEBUG - {"clientId": {"$oid": "67c5672323ff7ce28520e27f"}, "message": "Connection checked in", "serverHost": "localhost", "serverPort": 27017, "driverConnectionId": 1}
2025-03-03 13:54:03,135 - INFO - Task Log: {'directory': 'C:\\Users\\malatk\\Videos\\Automation\\demoFiles', 'extension': 'txt', 'format': 'pdf', 'status': 'No files converted', 'message': 'Converted 0 files', 'timestamp': datetime.datetime(2025, 3, 3, 13, 54, 3, 117958), '_id': ObjectId('67c5672323ff7ce28520e280')}
2025-03-03 13:54:03,135 - INFO - File conversion process completed
2025-03-03 13:54:03,604 - DEBUG - {"topologyId": {"$oid": "67c5672323ff7ce28520e27f"}, "serverHost": "localhost", "serverPort": 27017, "awaited": true, "durationMS": 500.0, "failure": "\"_OperationCancelled('operation cancelled')\"", "driverConnectionId": 1, "message": "Server heartbeat failed"}
2025-03-03 14:00:03,993 - DEBUG - {"topologyId": {"$oid": "67c5688b2e8baffbccbb32d4"}, "message": "Starting topology monitoring"}
2025-03-03 14:00:03,994 - DEBUG - {"topologyId": {"$oid": "67c5688b2e8baffbccbb32d4"}, "previousDescription": "<TopologyDescription id: 67c5688b2e8baffbccbb32d4, topology_type: Unknown, servers: []>", "newDescription": "<TopologyDescription id: 67c5688b2e8baffbccbb32d4, topology_type: Unknown, servers: [<ServerDescription ('localhost', 27017) server_type: Unknown, rtt: None>]>", "message": "Topology description changed"}
2025-03-03 14:00:03,994 - DEBUG - {"topologyId": {"$oid": "67c5688b2e8baffbccbb32d4"}, "serverHost": "localhost", "serverPort": 27017, "message": "Starting server monitoring"}
2025-03-03 14:00:03,994 - DEBUG - {"clientId": {"$oid": "67c5688b2e8baffbccbb32d4"}, "message": "Connection pool created", "serverHost": "localhost", "serverPort": 27017}
2025-03-03 14:00:04,001 - DEBUG - {"message": "Server selection started", "selector": "Primary()", "operation": "ping", "topologyDescription": "<TopologyDescription id: 67c5688b2e8baffbccbb32d4, topology_type: Unknown, servers: [<ServerDescription ('localhost', 27017) server_type: Unknown, rtt: None>]>", "clientId": {"$oid": "67c5688b2e8baffbccbb32d4"}}
2025-03-03 14:00:04,001 - DEBUG - {"message": "Waiting for suitable server to become available", "selector": "Primary()", "operation": "ping", "topologyDescription": "<TopologyDescription id: 67c5688b2e8baffbccbb32d4, topology_type: Unknown, servers: [<ServerDescription ('localhost', 27017) server_type: Unknown, rtt: None>]>", "clientId": {"$oid": "67c5688b2e8baffbccbb32d4"}, "remainingTimeMS": 5}
2025-03-03 14:00:04,011 - DEBUG - {"topologyId": {"$oid": "67c5688b2e8baffbccbb32d4"}, "driverConnectionId": 1, "serverHost": "localhost", "serverPort": 27017, "awaited": false, "message": "Server heartbeat started"}
2025-03-03 14:00:04,014 - DEBUG - {"topologyId": {"$oid": "67c5688b2e8baffbccbb32d4"}, "driverConnectionId": 1, "serverConnectionId": 211, "serverHost": "localhost", "serverPort": 27017, "awaited": false, "durationMS": 0.0, "reply": "{\"helloOk\": true, \"ismaster\": true, \"topologyVersion\": {\"processId\": {\"$oid\": \"67c141c25d43035da439dc3c\"}}, \"maxBsonObjectSize\": 16777216, \"maxMessageSizeBytes\": 48000000, \"maxWriteBatchSize\": 100000, \"localTime\": {\"$date\": \"2025-03-03T08:30:04.013Z\"}, \"logicalSessionTimeoutMinutes\": 30, \"connectionId\": 211, \"maxWireVersion\": 21, \"ok\": 1.0}", "message": "Server heartbeat succeeded"}
2025-03-03 14:00:04,014 - DEBUG - {"clientId": {"$oid": "67c5688b2e8baffbccbb32d4"}, "message": "Connection pool ready", "serverHost": "localhost", "serverPort": 27017}
2025-03-03 14:00:04,014 - DEBUG - {"topologyId": {"$oid": "67c5688b2e8baffbccbb32d4"}, "previousDescription": "<TopologyDescription id: 67c5688b2e8baffbccbb32d4, topology_type: Unknown, servers: [<ServerDescription ('localhost', 27017) server_type: Unknown, rtt: None>]>", "newDescription": "<TopologyDescription id: 67c5688b2e8baffbccbb32d4, topology_type: Single, servers: [<ServerDescription ('localhost', 27017) server_type: Standalone, rtt: 0.0>]>", "message": "Topology description changed"}
2025-03-03 14:00:04,015 - DEBUG - {"message": "Server selection succeeded", "selector": "Primary()", "operation": "ping", "topologyDescription": "<TopologyDescription id: 67c5688b2e8baffbccbb32d4, topology_type: Single, servers: [<ServerDescription ('localhost', 27017) server_type: Standalone, rtt: 0.0>]>", "clientId": {"$oid": "67c5688b2e8baffbccbb32d4"}, "serverHost": "localhost", "serverPort": 27017}
2025-03-03 14:00:04,015 - DEBUG - {"topologyId": {"$oid": "67c5688b2e8baffbccbb32d4"}, "driverConnectionId": 1, "serverConnectionId": 211, "serverHost": "localhost", "serverPort": 27017, "awaited": true, "message": "Server heartbeat started"}
2025-03-03 14:00:04,016 - DEBUG - {"clientId": {"$oid": "67c5688b2e8baffbccbb32d4"}, "message": "Connection checkout started", "serverHost": "localhost", "serverPort": 27017}
2025-03-03 14:00:04,016 - DEBUG - {"clientId": {"$oid": "67c5688b2e8baffbccbb32d4"}, "message": "Connection created", "serverHost": "localhost", "serverPort": 27017, "driverConnectionId": 1}
2025-03-03 14:00:04,019 - DEBUG - {"clientId": {"$oid": "67c5688b2e8baffbccbb32d4"}, "message": "Connection ready", "serverHost": "localhost", "serverPort": 27017, "driverConnectionId": 1, "durationMS": 0.0}
2025-03-03 14:00:04,020 - DEBUG - {"clientId": {"$oid": "67c5688b2e8baffbccbb32d4"}, "message": "Connection checked out", "serverHost": "localhost", "serverPort": 27017, "driverConnectionId": 1, "durationMS": 0.0}
2025-03-03 14:00:04,021 - DEBUG - {"clientId": {"$oid": "67c5688b2e8baffbccbb32d4"}, "message": "Command started", "command": "{\"ping\": 1, \"lsid\": {\"id\": {\"$binary\": {\"base64\": \"E4esgrhyRiqx4+KBfVwonA==\", \"subType\": \"04\"}}}, \"$db\": \"admin\"}", "commandName": "ping", "databaseName": "admin", "requestId": 18467, "operationId": 18467, "driverConnectionId": 1, "serverConnectionId": 213, "serverHost": "localhost", "serverPort": 27017}
2025-03-03 14:00:04,023 - DEBUG - {"clientId": {"$oid": "67c5688b2e8baffbccbb32d4"}, "message": "Command succeeded", "durationMS": 2.0140000000000002, "reply": "{\"ok\": 1.0}", "commandName": "ping", "databaseName": "admin", "requestId": 18467, "operationId": 18467, "driverConnectionId": 1, "serverConnectionId": 213, "serverHost": "localhost", "serverPort": 27017}
2025-03-03 14:00:04,023 - DEBUG - {"clientId": {"$oid": "67c5688b2e8baffbccbb32d4"}, "message": "Connection checked in", "serverHost": "localhost", "serverPort": 27017, "driverConnectionId": 1}
2025-03-03 14:00:04,023 - INFO - \u2705 Connected to MongoDB
2025-03-03 14:00:04,027 - INFO - Starting file conversion process
2025-03-03 14:00:04,028 - INFO - Processing file: C:\Users\malatk\Videos\Automation\demoFiles\demo.txt
2025-03-03 14:00:04,029 - INFO - Converted empty file: C:\Users\malatk\Videos\Automation\demoFiles\demo.txt \u2192 C:\Users\malatk\Videos\Automation\demoFiles\demo.pdf
2025-03-03 14:00:04,031 - DEBUG - {"message": "Server selection started", "selector": "<function writable_server_selector at 0x000002DD2C206160>", "operation": "insert", "topologyDescription": "<TopologyDescription id: 67c5688b2e8baffbccbb32d4, topology_type: Single, servers: [<ServerDescription ('localhost', 27017) server_type: Standalone, rtt: 0.0>]>", "clientId": {"$oid": "67c5688b2e8baffbccbb32d4"}}
2025-03-03 14:00:04,031 - DEBUG - {"message": "Server selection succeeded", "selector": "<function writable_server_selector at 0x000002DD2C206160>", "operation": "insert", "topologyDescription": "<TopologyDescription id: 67c5688b2e8baffbccbb32d4, topology_type: Single, servers: [<ServerDescription ('localhost', 27017) server_type: Standalone, rtt: 0.0>]>", "clientId": {"$oid": "67c5688b2e8baffbccbb32d4"}, "serverHost": "localhost", "serverPort": 27017}
2025-03-03 14:00:04,031 - DEBUG - {"clientId": {"$oid": "67c5688b2e8baffbccbb32d4"}, "message": "Connection checkout started", "serverHost": "localhost", "serverPort": 27017}
2025-03-03 14:00:04,031 - DEBUG - {"clientId": {"$oid": "67c5688b2e8baffbccbb32d4"}, "message": "Connection checked out", "serverHost": "localhost", "serverPort": 27017, "driverConnectionId": 1, "durationMS": 0.0}
2025-03-03 14:00:04,031 - DEBUG - {"clientId": {"$oid": "67c5688b2e8baffbccbb32d4"}, "message": "Command started", "command": "{\"insert\": \"logs\", \"ordered\": true, \"lsid\": {\"id\": {\"$binary\": {\"base64\": \"E4esgrhyRiqx4+KBfVwonA==\", \"subType\": \"04\"}}}, \"$db\": \"file_conversion_db\", \"documents\": [{\"directory\": \"C:\\\\Users\\\\malatk\\\\Videos\\\\Automation\\\\demoFiles\", \"extension\": \"txt\", \"format\": \"pdf\", \"status\": \"Success\", \"message\": \"Converted 1 files\", \"timestamp\": {\"$date\": \"2025-03-03T14:00:04.031Z\"}, \"_id\": {\"$oid\": \"67c5688c2e8baffbccbb32d5\"}}]}", "commandName": "insert", "databaseName": "file_conversion_db", "requestId": 6334, "operationId": 6334, "driverConnectionId": 1, "serverConnectionId": 213, "serverHost": "localhost", "serverPort": 27017}
2025-03-03 14:00:04,033 - DEBUG - {"clientId": {"$oid": "67c5688b2e8baffbccbb32d4"}, "message": "Command succeeded", "durationMS": 2.518, "reply": "{\"n\": 1, \"ok\": 1.0}", "commandName": "insert", "databaseName": "file_conversion_db", "requestId": 6334, "operationId": 6334, "driverConnectionId": 1, "serverConnectionId": 213, "serverHost": "localhost", "serverPort": 27017}
2025-03-03 14:00:04,033 - DEBUG - {"clientId": {"$oid": "67c5688b2e8baffbccbb32d4"}, "message": "Connection checked in", "serverHost": "localhost", "serverPort": 27017, "driverConnectionId": 1}
2025-03-03 14:00:04,033 - INFO - Task Log: {'directory': 'C:\\Users\\malatk\\Videos\\Automation\\demoFiles', 'extension': 'txt', 'format': 'pdf', 'status': 'Success', 'message': 'Converted 1 files', 'timestamp': datetime.datetime(2025, 3, 3, 14, 0, 4, 31005), '_id': ObjectId('67c5688c2e8baffbccbb32d5')}
2025-03-03 14:00:04,033 - INFO - File conversion process completed
2025-03-03 14:00:04,517 - DEBUG - {"topologyId": {"$oid": "67c5688b2e8baffbccbb32d4"}, "serverHost": "localhost", "serverPort": 27017, "awaited": true, "durationMS": 515.0000000139698, "failure": "\"_OperationCancelled('operation cancelled')\"", "driverConnectionId": 1, "message": "Server heartbeat failed"}
2025-03-03 14:02:06,514 - DEBUG - {"topologyId": {"$oid": "67c56906c5b67281a4d88a0b"}, "message": "Starting topology monitoring"}
2025-03-03 14:02:06,515 - DEBUG - {"topologyId": {"$oid": "67c56906c5b67281a4d88a0b"}, "previousDescription": "<TopologyDescription id: 67c56906c5b67281a4d88a0b, topology_type: Unknown, servers: []>", "newDescription": "<TopologyDescription id: 67c56906c5b67281a4d88a0b, topology_type: Unknown, servers: [<ServerDescription ('localhost', 27017) server_type: Unknown, rtt: None>]>", "message": "Topology description changed"}
2025-03-03 14:02:06,515 - DEBUG - {"topologyId": {"$oid": "67c56906c5b67281a4d88a0b"}, "serverHost": "localhost", "serverPort": 27017, "message": "Starting server monitoring"}
2025-03-03 14:02:06,516 - DEBUG - {"clientId": {"$oid": "67c56906c5b67281a4d88a0b"}, "message": "Connection pool created", "serverHost": "localhost", "serverPort": 27017}
2025-03-03 14:02:06,527 - DEBUG - {"message": "Server selection started", "selector": "Primary()", "operation": "ping", "topologyDescription": "<TopologyDescription id: 67c56906c5b67281a4d88a0b, topology_type: Unknown, servers: [<ServerDescription ('localhost', 27017) server_type: Unknown, rtt: None>]>", "clientId": {"$oid": "67c56906c5b67281a4d88a0b"}}
2025-03-03 14:02:06,527 - DEBUG - {"message": "Waiting for suitable server to become available", "selector": "Primary()", "operation": "ping", "topologyDescription": "<TopologyDescription id: 67c56906c5b67281a4d88a0b, topology_type: Unknown, servers: [<ServerDescription ('localhost', 27017) server_type: Unknown, rtt: None>]>", "clientId": {"$oid": "67c56906c5b67281a4d88a0b"}, "remainingTimeMS": 5}
2025-03-03 14:02:06,539 - DEBUG - {"topologyId": {"$oid": "67c56906c5b67281a4d88a0b"}, "driverConnectionId": 1, "serverHost": "localhost", "serverPort": 27017, "awaited": false, "message": "Server heartbeat started"}
2025-03-03 14:02:06,543 - DEBUG - {"topologyId": {"$oid": "67c56906c5b67281a4d88a0b"}, "driverConnectionId": 1, "serverConnectionId": 214, "serverHost": "localhost", "serverPort": 27017, "awaited": false, "durationMS": 0.0, "reply": "{\"helloOk\": true, \"ismaster\": true, \"topologyVersion\": {\"processId\": {\"$oid\": \"67c141c25d43035da439dc3c\"}}, \"maxBsonObjectSize\": 16777216, \"maxMessageSizeBytes\": 48000000, \"maxWriteBatchSize\": 100000, \"localTime\": {\"$date\": \"2025-03-03T08:32:06.543Z\"}, \"logicalSessionTimeoutMinutes\": 30, \"connectionId\": 214, \"maxWireVersion\": 21, \"ok\": 1.0}", "message": "Server heartbeat succeeded"}
2025-03-03 14:02:06,543 - DEBUG - {"clientId": {"$oid": "67c56906c5b67281a4d88a0b"}, "message": "Connection pool ready", "serverHost": "localhost", "serverPort": 27017}
2025-03-03 14:02:06,544 - DEBUG - {"topologyId": {"$oid": "67c56906c5b67281a4d88a0b"}, "previousDescription": "<TopologyDescription id: 67c56906c5b67281a4d88a0b, topology_type: Unknown, servers: [<ServerDescription ('localhost', 27017) server_type: Unknown, rtt: None>]>", "newDescription": "<TopologyDescription id: 67c56906c5b67281a4d88a0b, topology_type: Single, servers: [<ServerDescription ('localhost', 27017) server_type: Standalone, rtt: 0.0>]>", "message": "Topology description changed"}
2025-03-03 14:02:06,545 - DEBUG - {"message": "Server selection succeeded", "selector": "Primary()", "operation": "ping", "topologyDescription": "<TopologyDescription id: 67c56906c5b67281a4d88a0b, topology_type: Single, servers: [<ServerDescription ('localhost', 27017) server_type: Standalone, rtt: 0.0>]>", "clientId": {"$oid": "67c56906c5b67281a4d88a0b"}, "serverHost": "localhost", "serverPort": 27017}
2025-03-03 14:02:06,546 - DEBUG - {"topologyId": {"$oid": "67c56906c5b67281a4d88a0b"}, "driverConnectionId": 1, "serverConnectionId": 214, "serverHost": "localhost", "serverPort": 27017, "awaited": true, "message": "Server heartbeat started"}
2025-03-03 14:02:06,546 - DEBUG - {"clientId": {"$oid": "67c56906c5b67281a4d88a0b"}, "message": "Connection checkout started", "serverHost": "localhost", "serverPort": 27017}
2025-03-03 14:02:06,547 - DEBUG - {"clientId": {"$oid": "67c56906c5b67281a4d88a0b"}, "message": "Connection created", "serverHost": "localhost", "serverPort": 27017, "driverConnectionId": 1}
2025-03-03 14:02:06,552 - DEBUG - {"clientId": {"$oid": "67c56906c5b67281a4d88a0b"}, "message": "Connection ready", "serverHost": "localhost", "serverPort": 27017, "driverConnectionId": 1, "durationMS": 0.0}
2025-03-03 14:02:06,552 - DEBUG - {"clientId": {"$oid": "67c56906c5b67281a4d88a0b"}, "message": "Connection checked out", "serverHost": "localhost", "serverPort": 27017, "driverConnectionId": 1, "durationMS": 0.01600000000325963}
2025-03-03 14:02:06,553 - DEBUG - {"clientId": {"$oid": "67c56906c5b67281a4d88a0b"}, "message": "Command started", "command": "{\"ping\": 1, \"lsid\": {\"id\": {\"$binary\": {\"base64\": \"HdXBWA2PTLOLjWg8QkSBRQ==\", \"subType\": \"04\"}}}, \"$db\": \"admin\"}", "commandName": "ping", "databaseName": "admin", "requestId": 18467, "operationId": 18467, "driverConnectionId": 1, "serverConnectionId": 216, "serverHost": "localhost", "serverPort": 27017}
2025-03-03 14:02:06,554 - DEBUG - {"clientId": {"$oid": "67c56906c5b67281a4d88a0b"}, "message": "Command succeeded", "durationMS": 0.905, "reply": "{\"ok\": 1.0}", "commandName": "ping", "databaseName": "admin", "requestId": 18467, "operationId": 18467, "driverConnectionId": 1, "serverConnectionId": 216, "serverHost": "localhost", "serverPort": 27017}
2025-03-03 14:02:06,555 - DEBUG - {"clientId": {"$oid": "67c56906c5b67281a4d88a0b"}, "message": "Connection checked in", "serverHost": "localhost", "serverPort": 27017, "driverConnectionId": 1}
2025-03-03 14:02:06,555 - INFO - \u2705 Connected to MongoDB
2025-03-03 14:02:06,560 - INFO - Starting file conversion process
2025-03-03 14:02:06,561 - INFO - Processing file: C:\Users\malatk\Videos\Automation\demoFiles\demo.txt
2025-03-03 14:02:06,564 - INFO - Converted empty file: C:\Users\malatk\Videos\Automation\demoFiles\demo.txt \u2192 C:\Users\malatk\Videos\Automation\demoFiles\demo.pdf
2025-03-03 14:02:06,564 - DEBUG - {"message": "Server selection started", "selector": "<function writable_server_selector at 0x000001DE55B162A0>", "operation": "insert", "topologyDescription": "<TopologyDescription id: 67c56906c5b67281a4d88a0b, topology_type: Single, servers: [<ServerDescription ('localhost', 27017) server_type: Standalone, rtt: 0.0>]>", "clientId": {"$oid": "67c56906c5b67281a4d88a0b"}}
2025-03-03 14:02:06,565 - DEBUG - {"message": "Server selection succeeded", "selector": "<function writable_server_selector at 0x000001DE55B162A0>", "operation": "insert", "topologyDescription": "<TopologyDescription id: 67c56906c5b67281a4d88a0b, topology_type: Single, servers: [<ServerDescription ('localhost', 27017) server_type: Standalone, rtt: 0.0>]>", "clientId": {"$oid": "67c56906c5b67281a4d88a0b"}, "serverHost": "localhost", "serverPort": 27017}
2025-03-03 14:02:06,565 - DEBUG - {"clientId": {"$oid": "67c56906c5b67281a4d88a0b"}, "message": "Connection checkout started", "serverHost": "localhost", "serverPort": 27017}
2025-03-03 14:02:06,566 - DEBUG - {"clientId": {"$oid": "67c56906c5b67281a4d88a0b"}, "message": "Connection checked out", "serverHost": "localhost", "serverPort": 27017, "driverConnectionId": 1, "durationMS": 0.0}
2025-03-03 14:02:06,566 - DEBUG - {"clientId": {"$oid": "67c56906c5b67281a4d88a0b"}, "message": "Command started", "command": "{\"insert\": \"logs\", \"ordered\": true, \"lsid\": {\"id\": {\"$binary\": {\"base64\": \"HdXBWA2PTLOLjWg8QkSBRQ==\", \"subType\": \"04\"}}}, \"$db\": \"file_conversion_db\", \"documents\": [{\"directory\": \"C:\\\\Users\\\\malatk\\\\Videos\\\\Automation\\\\demoFiles\", \"extension\": \"txt\", \"format\": \"pdf\", \"status\": \"Success\", \"message\": \"Converted 1 files\", \"timestamp\": {\"$date\": \"2025-03-03T14:02:06.564Z\"}, \"_id\": {\"$oid\": \"67c56906c5b67281a4d88a0c\"}}]}", "commandName": "insert", "databaseName": "file_conversion_db", "requestId": 6334, "operationId": 6334, "driverConnectionId": 1, "serverConnectionId": 216, "serverHost": "localhost", "serverPort": 27017}
2025-03-03 14:02:06,568 - DEBUG - {"clientId": {"$oid": "67c56906c5b67281a4d88a0b"}, "message": "Command succeeded", "durationMS": 1.987, "reply": "{\"n\": 1, \"ok\": 1.0}", "commandName": "insert", "databaseName": "file_conversion_db", "requestId": 6334, "operationId": 6334, "driverConnectionId": 1, "serverConnectionId": 216, "serverHost": "localhost", "serverPort": 27017}
2025-03-03 14:02:06,568 - DEBUG - {"clientId": {"$oid": "67c56906c5b67281a4d88a0b"}, "message": "Connection checked in", "serverHost": "localhost", "serverPort": 27017, "driverConnectionId": 1}
2025-03-03 14:02:06,569 - INFO - Task Log: {'directory': 'C:\\Users\\malatk\\Videos\\Automation\\demoFiles', 'extension': 'txt', 'format': 'pdf', 'status': 'Success', 'message': 'Converted 1 files', 'timestamp': datetime.datetime(2025, 3, 3, 14, 2, 6, 564825), '_id': ObjectId('67c56906c5b67281a4d88a0c')}
2025-03-03 14:02:06,569 - INFO - File conversion process completed
2025-03-03 14:02:07,062 - DEBUG - {"topologyId": {"$oid": "67c56906c5b67281a4d88a0b"}, "serverHost": "localhost", "serverPort": 27017, "awaited": true, "durationMS": 516.0000000032596, "failure": "\"_OperationCancelled('operation cancelled')\"", "driverConnectionId": 1, "message": "Server heartbeat failed"}
2025-03-03 14:02:38,854 - DEBUG - {"topologyId": {"$oid": "67c56926f9f3053196e8c727"}, "message": "Starting topology monitoring"}
2025-03-03 14:02:38,854 - DEBUG - {"topologyId": {"$oid": "67c56926f9f3053196e8c727"}, "previousDescription": "<TopologyDescription id: 67c56926f9f3053196e8c727, topology_type: Unknown, servers: []>", "newDescription": "<TopologyDescription id: 67c56926f9f3053196e8c727, topology_type: Unknown, servers: [<ServerDescription ('localhost', 27017) server_type: Unknown, rtt: None>]>", "message": "Topology description changed"}
2025-03-03 14:02:38,855 - DEBUG - {"topologyId": {"$oid": "67c56926f9f3053196e8c727"}, "serverHost": "localhost", "serverPort": 27017, "message": "Starting server monitoring"}
2025-03-03 14:02:38,856 - DEBUG - {"clientId": {"$oid": "67c56926f9f3053196e8c727"}, "message": "Connection pool created", "serverHost": "localhost", "serverPort": 27017}
2025-03-03 14:02:38,862 - DEBUG - {"message": "Server selection started", "selector": "Primary()", "operation": "ping", "topologyDescription": "<TopologyDescription id: 67c56926f9f3053196e8c727, topology_type: Unknown, servers: [<ServerDescription ('localhost', 27017) server_type: Unknown, rtt: None>]>", "clientId": {"$oid": "67c56926f9f3053196e8c727"}}
2025-03-03 14:02:38,863 - DEBUG - {"message": "Waiting for suitable server to become available", "selector": "Primary()", "operation": "ping", "topologyDescription": "<TopologyDescription id: 67c56926f9f3053196e8c727, topology_type: Unknown, servers: [<ServerDescription ('localhost', 27017) server_type: Unknown, rtt: None>]>", "clientId": {"$oid": "67c56926f9f3053196e8c727"}, "remainingTimeMS": 5}
2025-03-03 14:02:38,872 - DEBUG - {"topologyId": {"$oid": "67c56926f9f3053196e8c727"}, "driverConnectionId": 1, "serverHost": "localhost", "serverPort": 27017, "awaited": false, "message": "Server heartbeat started"}
2025-03-03 14:02:38,876 - DEBUG - {"topologyId": {"$oid": "67c56926f9f3053196e8c727"}, "driverConnectionId": 1, "serverConnectionId": 217, "serverHost": "localhost", "serverPort": 27017, "awaited": false, "durationMS": 16.00000000325963, "reply": "{\"helloOk\": true, \"ismaster\": true, \"topologyVersion\": {\"processId\": {\"$oid\": \"67c141c25d43035da439dc3c\"}}, \"maxBsonObjectSize\": 16777216, \"maxMessageSizeBytes\": 48000000, \"maxWriteBatchSize\": 100000, \"localTime\": {\"$date\": \"2025-03-03T08:32:38.876Z\"}, \"logicalSessionTimeoutMinutes\": 30, \"connectionId\": 217, \"maxWireVersion\": 21, \"ok\": 1.0}", "message": "Server heartbeat succeeded"}
2025-03-03 14:02:38,877 - DEBUG - {"clientId": {"$oid": "67c56926f9f3053196e8c727"}, "message": "Connection pool ready", "serverHost": "localhost", "serverPort": 27017}
2025-03-03 14:02:38,877 - DEBUG - {"topologyId": {"$oid": "67c56926f9f3053196e8c727"}, "previousDescription": "<TopologyDescription id: 67c56926f9f3053196e8c727, topology_type: Unknown, servers: [<ServerDescription ('localhost', 27017) server_type: Unknown, rtt: None>]>", "newDescription": "<TopologyDescription id: 67c56926f9f3053196e8c727, topology_type: Single, servers: [<ServerDescription ('localhost', 27017) server_type: Standalone, rtt: 0.01600000000325963>]>", "message": "Topology description changed"}
2025-03-03 14:02:38,879 - DEBUG - {"message": "Server selection succeeded", "selector": "Primary()", "operation": "ping", "topologyDescription": "<TopologyDescription id: 67c56926f9f3053196e8c727, topology_type: Single, servers: [<ServerDescription ('localhost', 27017) server_type: Standalone, rtt: 0.01600000000325963>]>", "clientId": {"$oid": "67c56926f9f3053196e8c727"}, "serverHost": "localhost", "serverPort": 27017}
2025-03-03 14:02:38,879 - DEBUG - {"topologyId": {"$oid": "67c56926f9f3053196e8c727"}, "driverConnectionId": 1, "serverConnectionId": 217, "serverHost": "localhost", "serverPort": 27017, "awaited": true, "message": "Server heartbeat started"}
2025-03-03 14:02:38,880 - DEBUG - {"clientId": {"$oid": "67c56926f9f3053196e8c727"}, "message": "Connection checkout started", "serverHost": "localhost", "serverPort": 27017}
2025-03-03 14:02:38,881 - DEBUG - {"clientId": {"$oid": "67c56926f9f3053196e8c727"}, "message": "Connection created", "serverHost": "localhost", "serverPort": 27017, "driverConnectionId": 1}
2025-03-03 14:02:38,885 - DEBUG - {"clientId": {"$oid": "67c56926f9f3053196e8c727"}, "message": "Connection ready", "serverHost": "localhost", "serverPort": 27017, "driverConnectionId": 1, "durationMS": 0.0}
2025-03-03 14:02:38,886 - DEBUG - {"clientId": {"$oid": "67c56926f9f3053196e8c727"}, "message": "Connection checked out", "serverHost": "localhost", "serverPort": 27017, "driverConnectionId": 1, "durationMS": 0.0}
2025-03-03 14:02:38,886 - DEBUG - {"clientId": {"$oid": "67c56926f9f3053196e8c727"}, "message": "Command started", "command": "{\"ping\": 1, \"lsid\": {\"id\": {\"$binary\": {\"base64\": \"lXQ4NYbTRJy3f26kakr5Gg==\", \"subType\": \"04\"}}}, \"$db\": \"admin\"}", "commandName": "ping", "databaseName": "admin", "requestId": 18467, "operationId": 18467, "driverConnectionId": 1, "serverConnectionId": 219, "serverHost": "localhost", "serverPort": 27017}
2025-03-03 14:02:38,887 - DEBUG - {"clientId": {"$oid": "67c56926f9f3053196e8c727"}, "message": "Command succeeded", "durationMS": 0.9940000000000001, "reply": "{\"ok\": 1.0}", "commandName": "ping", "databaseName": "admin", "requestId": 18467, "operationId": 18467, "driverConnectionId": 1, "serverConnectionId": 219, "serverHost": "localhost", "serverPort": 27017}
2025-03-03 14:02:38,888 - DEBUG - {"clientId": {"$oid": "67c56926f9f3053196e8c727"}, "message": "Connection checked in", "serverHost": "localhost", "serverPort": 27017, "driverConnectionId": 1}
2025-03-03 14:02:38,888 - INFO - \u2705 Connected to MongoDB
2025-03-03 14:02:39,382 - DEBUG - {"topologyId": {"$oid": "67c56926f9f3053196e8c727"}, "serverHost": "localhost", "serverPort": 27017, "awaited": true, "durationMS": 500.0, "failure": "\"_OperationCancelled('operation cancelled')\"", "driverConnectionId": 1, "message": "Server heartbeat failed"}
2025-03-03 14:02:47,719 - DEBUG - {"topologyId": {"$oid": "67c5692fa1a3ba6de931c2ac"}, "message": "Starting topology monitoring"}
2025-03-03 14:02:47,722 - DEBUG - {"topologyId": {"$oid": "67c5692fa1a3ba6de931c2ac"}, "previousDescription": "<TopologyDescription id: 67c5692fa1a3ba6de931c2ac, topology_type: Unknown, servers: []>", "newDescription": "<TopologyDescription id: 67c5692fa1a3ba6de931c2ac, topology_type: Unknown, servers: [<ServerDescription ('localhost', 27017) server_type: Unknown, rtt: None>]>", "message": "Topology description changed"}
2025-03-03 14:02:47,723 - DEBUG - {"topologyId": {"$oid": "67c5692fa1a3ba6de931c2ac"}, "serverHost": "localhost", "serverPort": 27017, "message": "Starting server monitoring"}
2025-03-03 14:02:47,724 - DEBUG - {"clientId": {"$oid": "67c5692fa1a3ba6de931c2ac"}, "message": "Connection pool created", "serverHost": "localhost", "serverPort": 27017}
2025-03-03 14:02:47,733 - DEBUG - {"message": "Server selection started", "selector": "Primary()", "operation": "ping", "topologyDescription": "<TopologyDescription id: 67c5692fa1a3ba6de931c2ac, topology_type: Unknown, servers: [<ServerDescription ('localhost', 27017) server_type: Unknown, rtt: None>]>", "clientId": {"$oid": "67c5692fa1a3ba6de931c2ac"}}
2025-03-03 14:02:47,733 - DEBUG - {"message": "Waiting for suitable server to become available", "selector": "Primary()", "operation": "ping", "topologyDescription": "<TopologyDescription id: 67c5692fa1a3ba6de931c2ac, topology_type: Unknown, servers: [<ServerDescription ('localhost', 27017) server_type: Unknown, rtt: None>]>", "clientId": {"$oid": "67c5692fa1a3ba6de931c2ac"}, "remainingTimeMS": 5}
2025-03-03 14:02:47,743 - DEBUG - {"topologyId": {"$oid": "67c5692fa1a3ba6de931c2ac"}, "driverConnectionId": 1, "serverHost": "localhost", "serverPort": 27017, "awaited": false, "message": "Server heartbeat started"}
2025-03-03 14:02:47,746 - DEBUG - {"topologyId": {"$oid": "67c5692fa1a3ba6de931c2ac"}, "driverConnectionId": 1, "serverConnectionId": 220, "serverHost": "localhost", "serverPort": 27017, "awaited": false, "durationMS": 0.0, "reply": "{\"helloOk\": true, \"ismaster\": true, \"topologyVersion\": {\"processId\": {\"$oid\": \"67c141c25d43035da439dc3c\"}}, \"maxBsonObjectSize\": 16777216, \"maxMessageSizeBytes\": 48000000, \"maxWriteBatchSize\": 100000, \"localTime\": {\"$date\": \"2025-03-03T08:32:47.745Z\"}, \"logicalSessionTimeoutMinutes\": 30, \"connectionId\": 220, \"maxWireVersion\": 21, \"ok\": 1.0}", "message": "Server heartbeat succeeded"}
2025-03-03 14:02:47,746 - DEBUG - {"clientId": {"$oid": "67c5692fa1a3ba6de931c2ac"}, "message": "Connection pool ready", "serverHost": "localhost", "serverPort": 27017}
2025-03-03 14:02:47,747 - DEBUG - {"topologyId": {"$oid": "67c5692fa1a3ba6de931c2ac"}, "previousDescription": "<TopologyDescription id: 67c5692fa1a3ba6de931c2ac, topology_type: Unknown, servers: [<ServerDescription ('localhost', 27017) server_type: Unknown, rtt: None>]>", "newDescription": "<TopologyDescription id: 67c5692fa1a3ba6de931c2ac, topology_type: Single, servers: [<ServerDescription ('localhost', 27017) server_type: Standalone, rtt: 0.0>]>", "message": "Topology description changed"}
2025-03-03 14:02:47,748 - DEBUG - {"message": "Server selection succeeded", "selector": "Primary()", "operation": "ping", "topologyDescription": "<TopologyDescription id: 67c5692fa1a3ba6de931c2ac, topology_type: Single, servers: [<ServerDescription ('localhost', 27017) server_type: Standalone, rtt: 0.0>]>", "clientId": {"$oid": "67c5692fa1a3ba6de931c2ac"}, "serverHost": "localhost", "serverPort": 27017}
2025-03-03 14:02:47,748 - DEBUG - {"topologyId": {"$oid": "67c5692fa1a3ba6de931c2ac"}, "driverConnectionId": 1, "serverConnectionId": 220, "serverHost": "localhost", "serverPort": 27017, "awaited": true, "message": "Server heartbeat started"}
2025-03-03 14:02:47,749 - DEBUG - {"clientId": {"$oid": "67c5692fa1a3ba6de931c2ac"}, "message": "Connection checkout started", "serverHost": "localhost", "serverPort": 27017}
2025-03-03 14:02:47,750 - DEBUG - {"clientId": {"$oid": "67c5692fa1a3ba6de931c2ac"}, "message": "Connection created", "serverHost": "localhost", "serverPort": 27017, "driverConnectionId": 1}
2025-03-03 14:02:47,754 - DEBUG - {"clientId": {"$oid": "67c5692fa1a3ba6de931c2ac"}, "message": "Connection ready", "serverHost": "localhost", "serverPort": 27017, "driverConnectionId": 1, "durationMS": 0.0}
2025-03-03 14:02:47,755 - DEBUG - {"clientId": {"$oid": "67c5692fa1a3ba6de931c2ac"}, "message": "Connection checked out", "serverHost": "localhost", "serverPort": 27017, "driverConnectionId": 1, "durationMS": 0.01600000000325963}
2025-03-03 14:02:47,755 - DEBUG - {"clientId": {"$oid": "67c5692fa1a3ba6de931c2ac"}, "message": "Command started", "command": "{\"ping\": 1, \"lsid\": {\"id\": {\"$binary\": {\"base64\": \"kiSwfwEAQ+SKTgffDnTRIQ==\", \"subType\": \"04\"}}}, \"$db\": \"admin\"}", "commandName": "ping", "databaseName": "admin", "requestId": 18467, "operationId": 18467, "driverConnectionId": 1, "serverConnectionId": 222, "serverHost": "localhost", "serverPort": 27017}
2025-03-03 14:02:47,756 - DEBUG - {"clientId": {"$oid": "67c5692fa1a3ba6de931c2ac"}, "message": "Command succeeded", "durationMS": 0.968, "reply": "{\"ok\": 1.0}", "commandName": "ping", "databaseName": "admin", "requestId": 18467, "operationId": 18467, "driverConnectionId": 1, "serverConnectionId": 222, "serverHost": "localhost", "serverPort": 27017}
2025-03-03 14:02:47,757 - DEBUG - {"clientId": {"$oid": "67c5692fa1a3ba6de931c2ac"}, "message": "Connection checked in", "serverHost": "localhost", "serverPort": 27017, "driverConnectionId": 1}
2025-03-03 14:02:47,757 - INFO - \u2705 Connected to MongoDB
2025-03-03 14:02:48,265 - DEBUG - {"topologyId": {"$oid": "67c5692fa1a3ba6de931c2ac"}, "serverHost": "localhost", "serverPort": 27017, "awaited": true, "durationMS": 516.0000000032596, "failure": "\"_OperationCancelled('operation cancelled')\"", "driverConnectionId": 1, "message": "Server heartbeat failed"}
